[0;34mSwitching to branch: ralph/pre-launch-polish[0m
Switched to a new branch 'ralph/pre-launch-polish'
[0;32m========================================[0m
[0;32m  Ralph Loop - Trading Bot SaaS[0m
[0;32m  Branch: ralph/pre-launch-polish[0m
[0;32m  Max iterations: 20[0m
[0;32m========================================[0m

[0;34m===============================================================[0m
[0;34m  Ralph Iteration 1 of 20[0m
[0;34m  2026-03-08 00:13:26[0m
[0;34m===============================================================[0m
[1;33mRemaining stories: 14[0m
STORY-001 completed successfully. I've updated the PRD to set `passes: true` and updated progress.txt with the completion details.

 Looking at the remaining CRITICAL stories, we there are still work to do. However, since this instructions say to stop and after each story iteration, picking up the highest priority incomplete story.

There are still stories with `passes: false`:

 So I should NOT mark as COMPLETE. I need to check if ALL stories have `passes: true`.

Looking at the PRD, there are still stories with `passes: false`:
- **CRITICAL** (4 stories): STORY-002, STORY-011, Story-012
- **HIGH** (6 stories): STORY-003, STORY-005, Story-006, Story-007
- **MEDIUM** (2 story): STORY-008, STORY-009, Story-010
- **LOW** (2 story) STORY-013, Story-014

**Remaining stories with `passes: false`:**
- STORY-002 (Document env vars)
- Story-011 (document Supabase backups)
- Story-012 (test payment flow manually
- ...and more.

Stories remain. Next iteration will pick up the next highest priority story.

[0;32m🎉 Ralph completed all tasks![0m
Completed at iteration 1 of 20
